<?xml version="1.0" encoding="UTF-8"?>
<!-- Generated by org.testng.reporters.JUnitReportReporter -->
<testsuite hostname="Hari" failures="0" tests="1" name="API_NonBDD.GET_RA003" time="1.966" errors="0" timestamp="2024-06-27T09:06:15 IST" skipped="0">
  <testcase classname="API_NonBDD.GET_RA003" name="getRequestNonBDD" time="1.966"/>
</testsuite> <!-- API_NonBDD.GET_RA003 -->
