<?xml version="1.0" encoding="UTF-8"?>
<!-- Generated by org.testng.reporters.JUnitReportReporter -->
<testsuite hostname="Hari" failures="0" tests="2" name="Payload.Serialization" time="0.536" errors="0" timestamp="2024-07-01T17:31:11 IST" skipped="0">
  <testcase classname="Payload.Serialization" name="gsonTest" time="0.240"/>
  <testcase classname="Payload.Serialization" name="jacksonTest" time="0.296"/>
</testsuite> <!-- Payload.Serialization -->
