<?xml version="1.0" encoding="UTF-8"?>
<!-- Generated by org.testng.reporters.JUnitReportReporter -->
<testsuite hostname="Hari" failures="0" tests="1" name="DataLoading.DataLoading" time="19.830" errors="0" timestamp="2024-06-30T20:06:13 IST" skipped="0">
  <testcase classname="DataLoading.DataLoading" name="dataLoading" time="19.830"/>
</testsuite> <!-- DataLoading.DataLoading -->
