<?xml version="1.0" encoding="UTF-8"?>
<!-- Generated by org.testng.reporters.JUnitReportReporter -->
<testsuite hostname="Hari" failures="0" tests="1" name="API_BDD.Get_RA002" time="2.654" errors="0" timestamp="2024-06-27T09:03:37 IST" skipped="0">
  <testcase classname="API_BDD.Get_RA002" name="getRequest" time="2.654"/>
</testsuite> <!-- API_BDD.Get_RA002 -->
