<?xml version="1.0" encoding="UTF-8"?>
<!-- Generated by org.testng.reporters.JUnitReportReporter -->
<testsuite hostname="Hari" failures="0" tests="2" name="Payload.Deserialization" time="0.281" errors="0" timestamp="2024-07-01T17:46:34 IST" skipped="0">
  <testcase classname="Payload.Deserialization" name="jacksonTest" time="0.187"/>
  <testcase classname="Payload.Deserialization" name="gsonTest" time="0.094"/>
</testsuite> <!-- Payload.Deserialization -->
