<?xml version="1.0" encoding="UTF-8"?>
<!-- Generated by org.testng.reporters.JUnitReportReporter -->
<testsuite hostname="Hari" failures="0" tests="1" name="RestfulBooker_CRUD.CRUD" time="1.610" errors="0" timestamp="2024-06-30T19:38:18 IST" skipped="0">
  <testcase classname="RestfulBooker_CRUD.CRUD" name="updateBooking" time="1.610"/>
</testsuite> <!-- RestfulBooker_CRUD.CRUD -->
