<?xml version="1.0" encoding="UTF-8"?>
<!-- Generated by org.testng.reporters.JUnitReportReporter -->
<testsuite hostname="Hari" failures="0" tests="1" name="API_NonBDD.PATCH_RA007" time="1.384" errors="0" timestamp="2024-06-27T09:06:15 IST" skipped="0">
  <testcase classname="API_NonBDD.PATCH_RA007" name="patchRequestNonBDD" time="1.384"/>
</testsuite> <!-- API_NonBDD.PATCH_RA007 -->
