<?xml version="1.0" encoding="UTF-8"?>
<!-- Generated by org.testng.reporters.JUnitReportReporter -->
<testsuite hostname="Hari" failures="0" tests="1" name="Gson.DataLoadingUsingPOJO" time="5.121" errors="0" timestamp="2024-07-01T15:22:17 IST" skipped="0">
  <testcase classname="Gson.DataLoadingUsingPOJO" name="postRequestNonBDD" time="5.121"/>
</testsuite> <!-- Gson.DataLoadingUsingPOJO -->
