<?xml version="1.0" encoding="UTF-8"?>
<!-- Generated by org.testng.reporters.JUnitReportReporter -->
<testsuite hostname="Hari" failures="0" tests="1" name="API_NonBDD.POST_RA005" time="2.732" errors="0" timestamp="2024-06-30T19:50:58 IST" skipped="0">
  <testcase classname="API_NonBDD.POST_RA005" name="postRequestNonBDD" time="2.732"/>
</testsuite> <!-- API_NonBDD.POST_RA005 -->
