<?xml version="1.0" encoding="UTF-8"?>
<!-- Generated by org.testng.reporters.JUnitReportReporter -->
<testsuite hostname="Hari" failures="0" tests="1" name="API_BDD.POST_RA004" time="3.846" errors="0" timestamp="2024-06-26T07:53:19 IST" skipped="0">
  <testcase classname="API_BDD.POST_RA004" name="putRequestBDD" time="3.846"/>
</testsuite> <!-- API_BDD.POST_RA004 -->
